****************************************************************************************
This is a development tool for Scully applications.
You can ignore the warning (TLS) or run scully with --no-warning
****************************************************************************************
Could not fetch data for route "[33m/products/:productId[39m"
****************************************************************************************
This is a development tool for Scully applications.
You can ignore the warning (TLS) or run scully with --no-warning
****************************************************************************************
Could not fetch data for route "[33m/products/:productId[39m"
****************************************************************************************
This is a development tool for Scully applications.
You can ignore the warning (TLS) or run scully with --no-warning
****************************************************************************************
Could not fetch data for route "[33m/products/:productId[39m"
****************************************************************************************
This is a development tool for Scully applications.
You can ignore the warning (TLS) or run scully with --no-warning
****************************************************************************************
Could not fetch data for route "[33m/products/:productId[39m"
****************************************************************************************
This is a development tool for Scully applications.
You can ignore the warning (TLS) or run scully with --no-warning
****************************************************************************************
Could not fetch data for route "[33m/products/:productId[39m"
****************************************************************************************
This is a development tool for Scully applications.
You can ignore the warning (TLS) or run scully with --no-warning
****************************************************************************************
Could not fetch data for route "[33m/products/:productId[39m"
